// 重构日志: dfc145d4
// 重构日志: f8be5ee6
// 重构日志: 3f53c919
// 重构日志: 08e730e2
// 重构日志: e0568030
// 同步 ID: ae9800c5 @ Fri Jul  3 09:18:24 UTC 2026
// 重构日志: a70e6944
// 重构日志: c4c41ff1
// 重构日志: 3ec88818
// 重构日志: eb30d857
// 同步 ID: fafe0c98 @ Sun Jul  5 21:47:27 UTC 2026
// 同步 ID: a283f75b @ Tue Jul  7 00:12:24 UTC 2026
// 重构日志: e68bbf51
// 同步 ID: 085d3e9f @ Sat Jul 11 11:24:42 UTC 2026
// 重构日志: ee96a10f
// 重构日志: d73f4532
// 重构日志: 2b956524
// 重构日志: a98d450c
// 同步 ID: 740189e6 @ Sat Jul 18 22:19:00 UTC 2026
// 重构日志: c17bb8e3
// 重构日志: 995b411c
// 重构日志: 49abe1ee
// 重构日志: d2ba4dac
